INFO: kbplacer_plugin_action.py:73: Plugin version: 0.15
INFO: kbplacer_plugin_action.py:74: Python version: '3.11.5 (main, Nov  6 2025, 07:48:09) [MSC v.1944 64 bit (AMD64)]'
INFO: kbplacer_plugin_action.py:75: KiCad version: 9.0.7 with 4.2.2 msw (phoenix) wxWidgets 3.2.8
INFO: kbplacer_dialog.py:689: Language: en
INFO: kbplacer_plugin_action.py:83: GUI state: {"layout_path": "C:\\Users\\Anay\\Documents\\Chaney-Board\\keyboard-layout.json", "key_distance": [19.05, 19.05], "key_info": {"annotation_format": "SW{}", "position_option": "Default", "position": {"x": 0.0, "y": 0.0, "orientation": 0.0, "side": "Front"}, "template_path": "", "start_index": 1}, "enable_diode_placement": false, "route_switches_with_diodes": false, "optimize_diodes_orientation": true, "diode_info": {"annotation_format": "D{}", "position_option": "Relative", "position": null, "template_path": "", "start_index": -1}, "additional_elements": [{"annotation_format": "S{}", "position_option": "Custom", "position": {"x": 0.0, "y": 0.0, "orientation": 0.0, "side": "Front"}, "template_path": "", "start_index": -1}], "route_rows_and_columns": true, "template_path": "", "generate_outline": false, "outline_delta": 0.0}
WARNING: key_placer.py:134: Unexpected switch net position detected, each switch should have two unique nets unambiguously defining position in key matrix, switch-by-matrix association can't be used
DEBUG: key_placer.py:141: Switches by nets: {}
DEBUG: key_placer.py:145: Diodes by switch: {'SW79': ['D79'], 'SW31': ['D31'], 'SW42': ['D42'], 'SW15': ['D15'], 'SW41': ['D41'], 'SW39': ['D39'], 'SW11': ['D11'], 'SW47': ['D47'], 'SW38': ['D38'], 'SW56': ['D56'], 'SW58': ['D58'], 'SW29': ['D29'], 'SW8': ['D8'], 'SW21': ['D21'], 'SW37': ['D37'], 'SW13': ['D13'], 'SW24': ['D24'], 'SW53': ['D53'], 'SW65': ['D65'], 'SW12': ['D12'], 'SW19': ['D19'], 'SW57': ['D57'], 'SW48': ['D48'], 'SW26': ['D26'], 'SW22': ['D22'], 'SW49': ['D49'], 'SW32': ['D32'], 'SW77': ['D77'], 'SW67': ['D67'], 'SW64': ['D64'], 'SW9': ['D9'], 'SW33': ['D33'], 'SW70': ['D70'], 'SW36': ['D36'], 'SW35': ['D35'], 'SW10': ['D10'], 'SW60': ['D60'], 'SW75': ['D75'], 'SW71': ['D71'], 'SW43': ['D43'], 'SW69': ['D69'], 'SW68': ['D68'], 'SW18': ['D18'], 'SW61': ['D61'], 'SW28': ['D28'], 'SW14': ['D14'], 'SW2': ['D2'], 'SW78': ['D78'], 'SW50': ['D50'], 'SW16': ['D16'], 'SW40': ['D40'], 'SW7': ['D7'], 'SW45': ['D45'], 'SW76': ['D76'], 'SW73': ['D73'], 'SW6': ['D6'], 'SW55': ['D55'], 'SW23': ['D23'], 'SW20': ['D20'], 'SW82': ['D82'], 'SW4': ['D4'], 'SW30': ['D30'], 'SW81': ['D81'], 'SW66': ['D66'], 'SW72': ['D72'], 'SW52': ['D52'], 'SW25': ['D25'], 'SW54': ['D54'], 'SW44': ['D44'], 'SW34': ['D34'], 'SW17': ['D17'], 'SW5': ['D5'], 'SW74': ['D74'], 'SW62': ['D62'], 'SW27': ['D27'], 'SW59': ['D59'], 'SW80': ['D80'], 'SW3': ['D3'], 'SW51': ['D51'], 'SW63': ['D63'], 'SW1': ['D1'], 'SW46': ['D46']}
DEBUG: board_modifier.py:73: Searching for SW1 footprint in C:\Users\Anay\Documents\Chaney_Board\Chaney_Board.kicad_pcb
INFO: key_placer.py:621: Looking for connection template between SW1 and other elements
DEBUG: board_modifier.py:107: Getting SW1 footprint position: (60315000, 30650000)
INFO: key_placer.py:665: Got connection template: 
INFO: kle_serial.py:1016: User layout: [['esc', {'x': 1}, 'f1', 'f2', 'f3', 'f4', {'x': 0.5}, 'f5', 'f6', 'f7', 'f8', {'x': 0.5}, 'f9', 'f10', 'f11', 'f12'], ['`\n\n\n\n\n\n~', '1\n\n\n\n\n\n!', '2\n\n\n\n\n\n@', '3\n\n\n\n\n\n#', '4\n\n\n\n\n\n$', '5\n\n\n\n\n\n%', '6\n\n\n\n\n\n^', '7\n\n\n\n\n\n&', '8\n\n\n\n\n\n*', '9\n\n\n\n\n\n(', '0\n\n\n\n\n\n)', '-\n\n\n\n\n\n_', '=\n\n\n\n\n\n+', {'w': 2}, 'Backspace', 'Del'], [{'w': 1.5}, 'Tab', 'Q', 'W', 'E', 'R', 'T', 'Y', 'U', 'I', 'O', 'P', '[\n\n\n\n\n\n{', ']\n\n\n\n\n\n}', {'w': 1.5}, '\\\n\n\n\n\n\n|', 'PgUP'], [{'w': 1.75}, 'Caps Lock', 'A', 'S', 'D', 'F', 'G', 'H', 'J', 'K', 'L', ';\n\n\n\n\n\n:', '\'\n\n\n\n\n\n"', {'w': 2.25}, 'Enter', 'PgDN'], [{'w': 2.25}, 'LShift', 'Z', 'X', 'C', 'V', 'B', 'N', 'M', ',\n\n\n\n\n\n<', '.\n\n\n\n\n\n>', '/\n\n\n\n\n\n?', {'w': 1.75}, 'RShift', 'Up', 'End'], [{'w': 1.25}, 'LCtrl.', {'w': 1.25}, 'Super', {'w': 1.25}, 'LAlt', {'a': 7, 'w': 6.25}, '', {'a': 4}, 'RAlt', 'RCtrl.', 'RFn.', 'Left', 'Down', 'Right']]
DEBUG: key_placer.py:751: Using key 1U distance: (19.05, 19.05) mm
DEBUG: key_placer.py:757: Layout offset: (28575000, 28575000)
DEBUG: kle_serial.py:1110: Layout with: x_ortholinear_keys=38, y_ortholinear_keys=81, rotated_keys=0, encoders=0, iso_enters=0 and unrecognized_shape_keys=0
DEBUG: kle_serial.py:1135: Layout tagged: [<KeyboardTag.ROW_STAGGERED: 2>]
DEBUG: board_modifier.py:94: Setting SW1 footprint position: (38100000, 38100000)
DEBUG: board_modifier.py:94: Setting SW2 footprint position: (76200000, 38100000)
DEBUG: board_modifier.py:94: Setting SW3 footprint position: (95250000, 38100000)
DEBUG: board_modifier.py:94: Setting SW4 footprint position: (114300000, 38100000)
DEBUG: board_modifier.py:94: Setting SW5 footprint position: (133350000, 38100000)
DEBUG: board_modifier.py:94: Setting SW6 footprint position: (161925000, 38100000)
DEBUG: board_modifier.py:94: Setting SW7 footprint position: (180975000, 38100000)
DEBUG: board_modifier.py:94: Setting SW8 footprint position: (200025000, 38100000)
DEBUG: board_modifier.py:94: Setting SW9 footprint position: (219075000, 38100000)
DEBUG: board_modifier.py:94: Setting SW10 footprint position: (247650000, 38100000)
DEBUG: board_modifier.py:94: Setting SW11 footprint position: (266700000, 38100000)
DEBUG: board_modifier.py:94: Setting SW12 footprint position: (285750000, 38100000)
DEBUG: board_modifier.py:94: Setting SW13 footprint position: (304800000, 38100000)
DEBUG: board_modifier.py:94: Setting SW14 footprint position: (38100000, 57150000)
DEBUG: board_modifier.py:94: Setting SW15 footprint position: (57150000, 57150000)
DEBUG: board_modifier.py:94: Setting SW16 footprint position: (76200000, 57150000)
DEBUG: board_modifier.py:94: Setting SW17 footprint position: (95250000, 57150000)
DEBUG: board_modifier.py:94: Setting SW18 footprint position: (114300000, 57150000)
DEBUG: board_modifier.py:94: Setting SW19 footprint position: (133350000, 57150000)
DEBUG: board_modifier.py:94: Setting SW20 footprint position: (152400000, 57150000)
DEBUG: board_modifier.py:94: Setting SW21 footprint position: (171450000, 57150000)
DEBUG: board_modifier.py:94: Setting SW22 footprint position: (190500000, 57150000)
DEBUG: board_modifier.py:94: Setting SW23 footprint position: (209550000, 57150000)
DEBUG: board_modifier.py:94: Setting SW24 footprint position: (228600000, 57150000)
DEBUG: board_modifier.py:94: Setting SW25 footprint position: (247650000, 57150000)
DEBUG: board_modifier.py:94: Setting SW26 footprint position: (266700000, 57150000)
DEBUG: board_modifier.py:94: Setting SW27 footprint position: (295275000, 57150000)
DEBUG: board_modifier.py:94: Setting SW28 footprint position: (323850000, 57150000)
DEBUG: board_modifier.py:94: Setting SW29 footprint position: (42862500, 76200000)
DEBUG: board_modifier.py:94: Setting SW30 footprint position: (66675000, 76200000)
DEBUG: board_modifier.py:94: Setting SW31 footprint position: (85725000, 76200000)
DEBUG: board_modifier.py:94: Setting SW32 footprint position: (104775000, 76200000)
DEBUG: board_modifier.py:94: Setting SW33 footprint position: (123825000, 76200000)
DEBUG: board_modifier.py:94: Setting SW34 footprint position: (142875000, 76200000)
DEBUG: board_modifier.py:94: Setting SW35 footprint position: (161925000, 76200000)
DEBUG: board_modifier.py:94: Setting SW36 footprint position: (180975000, 76200000)
DEBUG: board_modifier.py:94: Setting SW37 footprint position: (200025000, 76200000)
DEBUG: board_modifier.py:94: Setting SW38 footprint position: (219075000, 76200000)
DEBUG: board_modifier.py:94: Setting SW39 footprint position: (238125000, 76200000)
DEBUG: board_modifier.py:94: Setting SW40 footprint position: (257175000, 76200000)
DEBUG: board_modifier.py:94: Setting SW41 footprint position: (276225000, 76200000)
DEBUG: board_modifier.py:94: Setting SW42 footprint position: (300037500, 76200000)
DEBUG: board_modifier.py:94: Setting SW43 footprint position: (323850000, 76200000)
DEBUG: board_modifier.py:94: Setting SW44 footprint position: (45243750, 95250000)
DEBUG: board_modifier.py:94: Setting SW45 footprint position: (71437500, 95250000)
DEBUG: board_modifier.py:94: Setting SW46 footprint position: (90487500, 95250000)
DEBUG: board_modifier.py:94: Setting SW47 footprint position: (109537500, 95250000)
DEBUG: board_modifier.py:94: Setting SW48 footprint position: (128587500, 95250000)
DEBUG: board_modifier.py:94: Setting SW49 footprint position: (147637500, 95250000)
DEBUG: board_modifier.py:94: Setting SW50 footprint position: (166687500, 95250000)
DEBUG: board_modifier.py:94: Setting SW51 footprint position: (185737500, 95250000)
DEBUG: board_modifier.py:94: Setting SW52 footprint position: (204787500, 95250000)
DEBUG: board_modifier.py:94: Setting SW53 footprint position: (223837500, 95250000)
DEBUG: board_modifier.py:94: Setting SW54 footprint position: (242887500, 95250000)
DEBUG: board_modifier.py:94: Setting SW55 footprint position: (261937500, 95250000)
DEBUG: board_modifier.py:94: Setting SW56 footprint position: (292893750, 95250000)
DEBUG: board_modifier.py:94: Setting SW57 footprint position: (323850000, 95250000)
DEBUG: board_modifier.py:94: Setting SW58 footprint position: (50006250, 114300000)
DEBUG: board_modifier.py:94: Setting SW59 footprint position: (80962500, 114300000)
DEBUG: board_modifier.py:94: Setting SW60 footprint position: (100012500, 114300000)
DEBUG: board_modifier.py:94: Setting SW61 footprint position: (119062500, 114300000)
DEBUG: board_modifier.py:94: Setting SW62 footprint position: (138112500, 114300000)
DEBUG: board_modifier.py:94: Setting SW63 footprint position: (157162500, 114300000)
DEBUG: board_modifier.py:94: Setting SW64 footprint position: (176212500, 114300000)
DEBUG: board_modifier.py:94: Setting SW65 footprint position: (195262500, 114300000)
DEBUG: board_modifier.py:94: Setting SW66 footprint position: (214312500, 114300000)
DEBUG: board_modifier.py:94: Setting SW67 footprint position: (233362500, 114300000)
DEBUG: board_modifier.py:94: Setting SW68 footprint position: (252412500, 114300000)
DEBUG: board_modifier.py:94: Setting SW69 footprint position: (278606250, 114300000)
DEBUG: board_modifier.py:94: Setting SW70 footprint position: (304800000, 114300000)
DEBUG: board_modifier.py:94: Setting SW71 footprint position: (323850000, 114300000)
DEBUG: board_modifier.py:94: Setting SW72 footprint position: (40481250, 133350000)
DEBUG: board_modifier.py:94: Setting SW73 footprint position: (64293750, 133350000)
DEBUG: board_modifier.py:94: Setting SW74 footprint position: (88106250, 133350000)
DEBUG: board_modifier.py:94: Setting SW75 footprint position: (159543750, 133350000)
DEBUG: board_modifier.py:94: Setting SW76 footprint position: (228600000, 133350000)
DEBUG: board_modifier.py:94: Setting SW77 footprint position: (247650000, 133350000)
DEBUG: board_modifier.py:94: Setting SW78 footprint position: (266700000, 133350000)
DEBUG: board_modifier.py:94: Setting SW79 footprint position: (285750000, 133350000)
DEBUG: board_modifier.py:94: Setting SW80 footprint position: (304800000, 133350000)
DEBUG: board_modifier.py:94: Setting SW81 footprint position: (323850000, 133350000)
INFO: key_placer.py:1123: Diode info: [ElementInfo(annotation_format='D{}', position_option=<PositionOption.UNCHANGED: 'Unchanged'>, position=None, template_path='', start_index=-1)]
DEBUG: key_placer.py:887: Placing additional elements for SW71
DEBUG: board_modifier.py:107: Getting SW71 footprint position: (323850000, 114300000)
DEBUG: board_modifier.py:84: Searching for optional S71 footprint in C:\Users\Anay\Documents\Chaney_Board\Chaney_Board.kicad_pcb
DEBUG: board_modifier.py:89: Footprint not found
DEBUG: key_placer.py:887: Placing additional elements for SW82
DEBUG: board_modifier.py:107: Getting SW82 footprint position: (212195000, 33310000)
DEBUG: board_modifier.py:84: Searching for optional S82 footprint in C:\Users\Anay\Documents\Chaney_Board\Chaney_Board.kicad_pcb
DEBUG: board_modifier.py:89: Footprint not found
DEBUG: key_placer.py:887: Placing additional elements for SW57
DEBUG: board_modifier.py:107: Getting SW57 footprint position: (323850000, 95250000)
DEBUG: board_modifier.py:84: Searching for optional S57 footprint in C:\Users\Anay\Documents\Chaney_Board\Chaney_Board.kicad_pcb
DEBUG: board_modifier.py:89: Footprint not found
DEBUG: key_placer.py:887: Placing additional elements for SW21
DEBUG: board_modifier.py:107: Getting SW21 footprint position: (171450000, 57150000)
DEBUG: board_modifier.py:84: Searching for optional S21 footprint in C:\Users\Anay\Documents\Chaney_Board\Chaney_Board.kicad_pcb
DEBUG: board_modifier.py:89: Footprint not found
DEBUG: key_placer.py:887: Placing additional elements for SW6
DEBUG: board_modifier.py:107: Getting SW6 footprint position: (161925000, 38100000)
DEBUG: board_modifier.py:84: Searching for optional S6 footprint in C:\Users\Anay\Documents\Chaney_Board\Chaney_Board.kicad_pcb
DEBUG: board_modifier.py:89: Footprint not found
DEBUG: key_placer.py:887: Placing additional elements for SW58
DEBUG: board_modifier.py:107: Getting SW58 footprint position: (50006250, 114300000)
DEBUG: board_modifier.py:84: Searching for optional S58 footprint in C:\Users\Anay\Documents\Chaney_Board\Chaney_Board.kicad_pcb
DEBUG: board_modifier.py:89: Footprint not found
DEBUG: key_placer.py:887: Placing additional elements for SW14
DEBUG: board_modifier.py:107: Getting SW14 footprint position: (38100000, 57150000)
DEBUG: board_modifier.py:84: Searching for optional S14 footprint in C:\Users\Anay\Documents\Chaney_Board\Chaney_Board.kicad_pcb
DEBUG: board_modifier.py:89: Footprint not found
DEBUG: key_placer.py:887: Placing additional elements for SW74
DEBUG: board_modifier.py:107: Getting SW74 footprint position: (88106250, 133350000)
DEBUG: board_modifier.py:84: Searching for optional S74 footprint in C:\Users\Anay\Documents\Chaney_Board\Chaney_Board.kicad_pcb
DEBUG: board_modifier.py:89: Footprint not found
DEBUG: key_placer.py:887: Placing additional elements for SW52
DEBUG: board_modifier.py:107: Getting SW52 footprint position: (204787500, 95250000)
DEBUG: board_modifier.py:84: Searching for optional S52 footprint in C:\Users\Anay\Documents\Chaney_Board\Chaney_Board.kicad_pcb
DEBUG: board_modifier.py:89: Footprint not found
DEBUG: key_placer.py:887: Placing additional elements for SW44
DEBUG: board_modifier.py:107: Getting SW44 footprint position: (45243750, 95250000)
DEBUG: board_modifier.py:84: Searching for optional S44 footprint in C:\Users\Anay\Documents\Chaney_Board\Chaney_Board.kicad_pcb
DEBUG: board_modifier.py:89: Footprint not found
DEBUG: key_placer.py:887: Placing additional elements for SW69
DEBUG: board_modifier.py:107: Getting SW69 footprint position: (278606250, 114300000)
DEBUG: board_modifier.py:84: Searching for optional S69 footprint in C:\Users\Anay\Documents\Chaney_Board\Chaney_Board.kicad_pcb
DEBUG: board_modifier.py:89: Footprint not found
DEBUG: key_placer.py:887: Placing additional elements for SW51
DEBUG: board_modifier.py:107: Getting SW51 footprint position: (185737500, 95250000)
DEBUG: board_modifier.py:84: Searching for optional S51 footprint in C:\Users\Anay\Documents\Chaney_Board\Chaney_Board.kicad_pcb
DEBUG: board_modifier.py:89: Footprint not found
DEBUG: key_placer.py:887: Placing additional elements for SW8
DEBUG: board_modifier.py:107: Getting SW8 footprint position: (200025000, 38100000)
DEBUG: board_modifier.py:84: Searching for optional S8 footprint in C:\Users\Anay\Documents\Chaney_Board\Chaney_Board.kicad_pcb
DEBUG: board_modifier.py:89: Footprint not found
DEBUG: key_placer.py:887: Placing additional elements for SW45
DEBUG: board_modifier.py:107: Getting SW45 footprint position: (71437500, 95250000)
DEBUG: board_modifier.py:84: Searching for optional S45 footprint in C:\Users\Anay\Documents\Chaney_Board\Chaney_Board.kicad_pcb
DEBUG: board_modifier.py:89: Footprint not found
DEBUG: key_placer.py:887: Placing additional elements for SW15
DEBUG: board_modifier.py:107: Getting SW15 footprint position: (57150000, 57150000)
DEBUG: board_modifier.py:84: Searching for optional S15 footprint in C:\Users\Anay\Documents\Chaney_Board\Chaney_Board.kicad_pcb
DEBUG: board_modifier.py:89: Footprint not found
DEBUG: key_placer.py:887: Placing additional elements for SW68
DEBUG: board_modifier.py:107: Getting SW68 footprint position: (252412500, 114300000)
DEBUG: board_modifier.py:84: Searching for optional S68 footprint in C:\Users\Anay\Documents\Chaney_Board\Chaney_Board.kicad_pcb
DEBUG: board_modifier.py:89: Footprint not found
DEBUG: key_placer.py:887: Placing additional elements for SW37
DEBUG: board_modifier.py:107: Getting SW37 footprint position: (200025000, 76200000)
DEBUG: board_modifier.py:84: Searching for optional S37 footprint in C:\Users\Anay\Documents\Chaney_Board\Chaney_Board.kicad_pcb
DEBUG: board_modifier.py:89: Footprint not found
DEBUG: key_placer.py:887: Placing additional elements for SW32
DEBUG: board_modifier.py:107: Getting SW32 footprint position: (104775000, 76200000)
DEBUG: board_modifier.py:84: Searching for optional S32 footprint in C:\Users\Anay\Documents\Chaney_Board\Chaney_Board.kicad_pcb
DEBUG: board_modifier.py:89: Footprint not found
DEBUG: key_placer.py:887: Placing additional elements for SW33
DEBUG: board_modifier.py:107: Getting SW33 footprint position: (123825000, 76200000)
DEBUG: board_modifier.py:84: Searching for optional S33 footprint in C:\Users\Anay\Documents\Chaney_Board\Chaney_Board.kicad_pcb
DEBUG: board_modifier.py:89: Footprint not found
DEBUG: key_placer.py:887: Placing additional elements for SW7
DEBUG: board_modifier.py:107: Getting SW7 footprint position: (180975000, 38100000)
DEBUG: board_modifier.py:84: Searching for optional S7 footprint in C:\Users\Anay\Documents\Chaney_Board\Chaney_Board.kicad_pcb
DEBUG: board_modifier.py:89: Footprint not found
DEBUG: key_placer.py:887: Placing additional elements for SW28
DEBUG: board_modifier.py:107: Getting SW28 footprint position: (323850000, 57150000)
DEBUG: board_modifier.py:84: Searching for optional S28 footprint in C:\Users\Anay\Documents\Chaney_Board\Chaney_Board.kicad_pcb
DEBUG: board_modifier.py:89: Footprint not found
DEBUG: key_placer.py:887: Placing additional elements for SW11
DEBUG: board_modifier.py:107: Getting SW11 footprint position: (266700000, 38100000)
DEBUG: board_modifier.py:84: Searching for optional S11 footprint in C:\Users\Anay\Documents\Chaney_Board\Chaney_Board.kicad_pcb
DEBUG: board_modifier.py:89: Footprint not found
DEBUG: key_placer.py:887: Placing additional elements for SW73
DEBUG: board_modifier.py:107: Getting SW73 footprint position: (64293750, 133350000)
DEBUG: board_modifier.py:84: Searching for optional S73 footprint in C:\Users\Anay\Documents\Chaney_Board\Chaney_Board.kicad_pcb
DEBUG: board_modifier.py:89: Footprint not found
DEBUG: key_placer.py:887: Placing additional elements for SW16
DEBUG: board_modifier.py:107: Getting SW16 footprint position: (76200000, 57150000)
DEBUG: board_modifier.py:84: Searching for optional S16 footprint in C:\Users\Anay\Documents\Chaney_Board\Chaney_Board.kicad_pcb
DEBUG: board_modifier.py:89: Footprint not found
DEBUG: key_placer.py:887: Placing additional elements for SW72
DEBUG: board_modifier.py:107: Getting SW72 footprint position: (40481250, 133350000)
DEBUG: board_modifier.py:84: Searching for optional S72 footprint in C:\Users\Anay\Documents\Chaney_Board\Chaney_Board.kicad_pcb
DEBUG: board_modifier.py:89: Footprint not found
DEBUG: key_placer.py:887: Placing additional elements for SW48
DEBUG: board_modifier.py:107: Getting SW48 footprint position: (128587500, 95250000)
DEBUG: board_modifier.py:84: Searching for optional S48 footprint in C:\Users\Anay\Documents\Chaney_Board\Chaney_Board.kicad_pcb
DEBUG: board_modifier.py:89: Footprint not found
DEBUG: key_placer.py:887: Placing additional elements for SW36
DEBUG: board_modifier.py:107: Getting SW36 footprint position: (180975000, 76200000)
DEBUG: board_modifier.py:84: Searching for optional S36 footprint in C:\Users\Anay\Documents\Chaney_Board\Chaney_Board.kicad_pcb
DEBUG: board_modifier.py:89: Footprint not found
DEBUG: key_placer.py:887: Placing additional elements for SW1
DEBUG: board_modifier.py:107: Getting SW1 footprint position: (38100000, 38100000)
DEBUG: board_modifier.py:84: Searching for optional S1 footprint in C:\Users\Anay\Documents\Chaney_Board\Chaney_Board.kicad_pcb
DEBUG: board_modifier.py:89: Footprint not found
DEBUG: key_placer.py:887: Placing additional elements for SW60
DEBUG: board_modifier.py:107: Getting SW60 footprint position: (100012500, 114300000)
DEBUG: board_modifier.py:84: Searching for optional S60 footprint in C:\Users\Anay\Documents\Chaney_Board\Chaney_Board.kicad_pcb
DEBUG: board_modifier.py:89: Footprint not found
DEBUG: key_placer.py:887: Placing additional elements for SW24
DEBUG: board_modifier.py:107: Getting SW24 footprint position: (228600000, 57150000)
DEBUG: board_modifier.py:84: Searching for optional S24 footprint in C:\Users\Anay\Documents\Chaney_Board\Chaney_Board.kicad_pcb
DEBUG: board_modifier.py:89: Footprint not found
DEBUG: key_placer.py:887: Placing additional elements for SW79
DEBUG: board_modifier.py:107: Getting SW79 footprint position: (285750000, 133350000)
DEBUG: board_modifier.py:84: Searching for optional S79 footprint in C:\Users\Anay\Documents\Chaney_Board\Chaney_Board.kicad_pcb
DEBUG: board_modifier.py:89: Footprint not found
DEBUG: key_placer.py:887: Placing additional elements for SW23
DEBUG: board_modifier.py:107: Getting SW23 footprint position: (209550000, 57150000)
DEBUG: board_modifier.py:84: Searching for optional S23 footprint in C:\Users\Anay\Documents\Chaney_Board\Chaney_Board.kicad_pcb
DEBUG: board_modifier.py:89: Footprint not found
DEBUG: key_placer.py:887: Placing additional elements for SW2
DEBUG: board_modifier.py:107: Getting SW2 footprint position: (76200000, 38100000)
DEBUG: board_modifier.py:84: Searching for optional S2 footprint in C:\Users\Anay\Documents\Chaney_Board\Chaney_Board.kicad_pcb
DEBUG: board_modifier.py:89: Footprint not found
DEBUG: key_placer.py:887: Placing additional elements for SW13
DEBUG: board_modifier.py:107: Getting SW13 footprint position: (304800000, 38100000)
DEBUG: board_modifier.py:84: Searching for optional S13 footprint in C:\Users\Anay\Documents\Chaney_Board\Chaney_Board.kicad_pcb
DEBUG: board_modifier.py:89: Footprint not found
DEBUG: key_placer.py:887: Placing additional elements for SW43
DEBUG: board_modifier.py:107: Getting SW43 footprint position: (323850000, 76200000)
DEBUG: board_modifier.py:84: Searching for optional S43 footprint in C:\Users\Anay\Documents\Chaney_Board\Chaney_Board.kicad_pcb
DEBUG: board_modifier.py:89: Footprint not found
DEBUG: key_placer.py:887: Placing additional elements for SW4
DEBUG: board_modifier.py:107: Getting SW4 footprint position: (114300000, 38100000)
DEBUG: board_modifier.py:84: Searching for optional S4 footprint in C:\Users\Anay\Documents\Chaney_Board\Chaney_Board.kicad_pcb
DEBUG: board_modifier.py:89: Footprint not found
DEBUG: key_placer.py:887: Placing additional elements for SW55
DEBUG: board_modifier.py:107: Getting SW55 footprint position: (261937500, 95250000)
DEBUG: board_modifier.py:84: Searching for optional S55 footprint in C:\Users\Anay\Documents\Chaney_Board\Chaney_Board.kicad_pcb
DEBUG: board_modifier.py:89: Footprint not found
DEBUG: key_placer.py:887: Placing additional elements for SW29
DEBUG: board_modifier.py:107: Getting SW29 footprint position: (42862500, 76200000)
DEBUG: board_modifier.py:84: Searching for optional S29 footprint in C:\Users\Anay\Documents\Chaney_Board\Chaney_Board.kicad_pcb
DEBUG: board_modifier.py:89: Footprint not found
DEBUG: key_placer.py:887: Placing additional elements for SW76
DEBUG: board_modifier.py:107: Getting SW76 footprint position: (228600000, 133350000)
DEBUG: board_modifier.py:84: Searching for optional S76 footprint in C:\Users\Anay\Documents\Chaney_Board\Chaney_Board.kicad_pcb
DEBUG: board_modifier.py:89: Footprint not found
DEBUG: key_placer.py:887: Placing additional elements for SW46
DEBUG: board_modifier.py:107: Getting SW46 footprint position: (90487500, 95250000)
DEBUG: board_modifier.py:84: Searching for optional S46 footprint in C:\Users\Anay\Documents\Chaney_Board\Chaney_Board.kicad_pcb
DEBUG: board_modifier.py:89: Footprint not found
DEBUG: key_placer.py:887: Placing additional elements for SW53
DEBUG: board_modifier.py:107: Getting SW53 footprint position: (223837500, 95250000)
DEBUG: board_modifier.py:84: Searching for optional S53 footprint in C:\Users\Anay\Documents\Chaney_Board\Chaney_Board.kicad_pcb
DEBUG: board_modifier.py:89: Footprint not found
DEBUG: key_placer.py:887: Placing additional elements for SW31
DEBUG: board_modifier.py:107: Getting SW31 footprint position: (85725000, 76200000)
DEBUG: board_modifier.py:84: Searching for optional S31 footprint in C:\Users\Anay\Documents\Chaney_Board\Chaney_Board.kicad_pcb
DEBUG: board_modifier.py:89: Footprint not found
DEBUG: key_placer.py:887: Placing additional elements for SW63
DEBUG: board_modifier.py:107: Getting SW63 footprint position: (157162500, 114300000)
DEBUG: board_modifier.py:84: Searching for optional S63 footprint in C:\Users\Anay\Documents\Chaney_Board\Chaney_Board.kicad_pcb
DEBUG: board_modifier.py:89: Footprint not found
DEBUG: key_placer.py:887: Placing additional elements for SW75
DEBUG: board_modifier.py:107: Getting SW75 footprint position: (159543750, 133350000)
DEBUG: board_modifier.py:84: Searching for optional S75 footprint in C:\Users\Anay\Documents\Chaney_Board\Chaney_Board.kicad_pcb
DEBUG: board_modifier.py:89: Footprint not found
DEBUG: key_placer.py:887: Placing additional elements for SW34
DEBUG: board_modifier.py:107: Getting SW34 footprint position: (142875000, 76200000)
DEBUG: board_modifier.py:84: Searching for optional S34 footprint in C:\Users\Anay\Documents\Chaney_Board\Chaney_Board.kicad_pcb
DEBUG: board_modifier.py:89: Footprint not found
DEBUG: key_placer.py:887: Placing additional elements for SW30
DEBUG: board_modifier.py:107: Getting SW30 footprint position: (66675000, 76200000)
DEBUG: board_modifier.py:84: Searching for optional S30 footprint in C:\Users\Anay\Documents\Chaney_Board\Chaney_Board.kicad_pcb
DEBUG: board_modifier.py:89: Footprint not found
DEBUG: key_placer.py:887: Placing additional elements for SW64
DEBUG: board_modifier.py:107: Getting SW64 footprint position: (176212500, 114300000)
DEBUG: board_modifier.py:84: Searching for optional S64 footprint in C:\Users\Anay\Documents\Chaney_Board\Chaney_Board.kicad_pcb
DEBUG: board_modifier.py:89: Footprint not found
DEBUG: key_placer.py:887: Placing additional elements for SW67
DEBUG: board_modifier.py:107: Getting SW67 footprint position: (233362500, 114300000)
DEBUG: board_modifier.py:84: Searching for optional S67 footprint in C:\Users\Anay\Documents\Chaney_Board\Chaney_Board.kicad_pcb
DEBUG: board_modifier.py:89: Footprint not found
DEBUG: key_placer.py:887: Placing additional elements for SW62
DEBUG: board_modifier.py:107: Getting SW62 footprint position: (138112500, 114300000)
DEBUG: board_modifier.py:84: Searching for optional S62 footprint in C:\Users\Anay\Documents\Chaney_Board\Chaney_Board.kicad_pcb
DEBUG: board_modifier.py:89: Footprint not found
DEBUG: key_placer.py:887: Placing additional elements for SW19
DEBUG: board_modifier.py:107: Getting SW19 footprint position: (133350000, 57150000)
DEBUG: board_modifier.py:84: Searching for optional S19 footprint in C:\Users\Anay\Documents\Chaney_Board\Chaney_Board.kicad_pcb
DEBUG: board_modifier.py:89: Footprint not found
DEBUG: key_placer.py:887: Placing additional elements for SW54
DEBUG: board_modifier.py:107: Getting SW54 footprint position: (242887500, 95250000)
DEBUG: board_modifier.py:84: Searching for optional S54 footprint in C:\Users\Anay\Documents\Chaney_Board\Chaney_Board.kicad_pcb
DEBUG: board_modifier.py:89: Footprint not found
DEBUG: key_placer.py:887: Placing additional elements for SW61
DEBUG: board_modifier.py:107: Getting SW61 footprint position: (119062500, 114300000)
DEBUG: board_modifier.py:84: Searching for optional S61 footprint in C:\Users\Anay\Documents\Chaney_Board\Chaney_Board.kicad_pcb
DEBUG: board_modifier.py:89: Footprint not found
DEBUG: key_placer.py:887: Placing additional elements for SW50
DEBUG: board_modifier.py:107: Getting SW50 footprint position: (166687500, 95250000)
DEBUG: board_modifier.py:84: Searching for optional S50 footprint in C:\Users\Anay\Documents\Chaney_Board\Chaney_Board.kicad_pcb
DEBUG: board_modifier.py:89: Footprint not found
DEBUG: key_placer.py:887: Placing additional elements for SW80
DEBUG: board_modifier.py:107: Getting SW80 footprint position: (304800000, 133350000)
DEBUG: board_modifier.py:84: Searching for optional S80 footprint in C:\Users\Anay\Documents\Chaney_Board\Chaney_Board.kicad_pcb
DEBUG: board_modifier.py:89: Footprint not found
DEBUG: key_placer.py:887: Placing additional elements for SW26
DEBUG: board_modifier.py:107: Getting SW26 footprint position: (266700000, 57150000)
DEBUG: board_modifier.py:84: Searching for optional S26 footprint in C:\Users\Anay\Documents\Chaney_Board\Chaney_Board.kicad_pcb
DEBUG: board_modifier.py:89: Footprint not found
DEBUG: key_placer.py:887: Placing additional elements for SW66
DEBUG: board_modifier.py:107: Getting SW66 footprint position: (214312500, 114300000)
DEBUG: board_modifier.py:84: Searching for optional S66 footprint in C:\Users\Anay\Documents\Chaney_Board\Chaney_Board.kicad_pcb
DEBUG: board_modifier.py:89: Footprint not found
DEBUG: key_placer.py:887: Placing additional elements for SW18
DEBUG: board_modifier.py:107: Getting SW18 footprint position: (114300000, 57150000)
DEBUG: board_modifier.py:84: Searching for optional S18 footprint in C:\Users\Anay\Documents\Chaney_Board\Chaney_Board.kicad_pcb
DEBUG: board_modifier.py:89: Footprint not found
DEBUG: key_placer.py:887: Placing additional elements for SW40
DEBUG: board_modifier.py:107: Getting SW40 footprint position: (257175000, 76200000)
DEBUG: board_modifier.py:84: Searching for optional S40 footprint in C:\Users\Anay\Documents\Chaney_Board\Chaney_Board.kicad_pcb
DEBUG: board_modifier.py:89: Footprint not found
DEBUG: key_placer.py:887: Placing additional elements for SW27
DEBUG: board_modifier.py:107: Getting SW27 footprint position: (295275000, 57150000)
DEBUG: board_modifier.py:84: Searching for optional S27 footprint in C:\Users\Anay\Documents\Chaney_Board\Chaney_Board.kicad_pcb
DEBUG: board_modifier.py:89: Footprint not found
DEBUG: key_placer.py:887: Placing additional elements for SW35
DEBUG: board_modifier.py:107: Getting SW35 footprint position: (161925000, 76200000)
DEBUG: board_modifier.py:84: Searching for optional S35 footprint in C:\Users\Anay\Documents\Chaney_Board\Chaney_Board.kicad_pcb
DEBUG: board_modifier.py:89: Footprint not found
DEBUG: key_placer.py:887: Placing additional elements for SW59
DEBUG: board_modifier.py:107: Getting SW59 footprint position: (80962500, 114300000)
DEBUG: board_modifier.py:84: Searching for optional S59 footprint in C:\Users\Anay\Documents\Chaney_Board\Chaney_Board.kicad_pcb
DEBUG: board_modifier.py:89: Footprint not found
DEBUG: key_placer.py:887: Placing additional elements for SW47
DEBUG: board_modifier.py:107: Getting SW47 footprint position: (109537500, 95250000)
DEBUG: board_modifier.py:84: Searching for optional S47 footprint in C:\Users\Anay\Documents\Chaney_Board\Chaney_Board.kicad_pcb
DEBUG: board_modifier.py:89: Footprint not found
DEBUG: key_placer.py:887: Placing additional elements for SW81
DEBUG: board_modifier.py:107: Getting SW81 footprint position: (323850000, 133350000)
DEBUG: board_modifier.py:84: Searching for optional S81 footprint in C:\Users\Anay\Documents\Chaney_Board\Chaney_Board.kicad_pcb
DEBUG: board_modifier.py:89: Footprint not found
DEBUG: key_placer.py:887: Placing additional elements for SW78
DEBUG: board_modifier.py:107: Getting SW78 footprint position: (266700000, 133350000)
DEBUG: board_modifier.py:84: Searching for optional S78 footprint in C:\Users\Anay\Documents\Chaney_Board\Chaney_Board.kicad_pcb
DEBUG: board_modifier.py:89: Footprint not found
DEBUG: key_placer.py:887: Placing additional elements for SW25
DEBUG: board_modifier.py:107: Getting SW25 footprint position: (247650000, 57150000)
DEBUG: board_modifier.py:84: Searching for optional S25 footprint in C:\Users\Anay\Documents\Chaney_Board\Chaney_Board.kicad_pcb
DEBUG: board_modifier.py:89: Footprint not found
DEBUG: key_placer.py:887: Placing additional elements for SW65
DEBUG: board_modifier.py:107: Getting SW65 footprint position: (195262500, 114300000)
DEBUG: board_modifier.py:84: Searching for optional S65 footprint in C:\Users\Anay\Documents\Chaney_Board\Chaney_Board.kicad_pcb
DEBUG: board_modifier.py:89: Footprint not found
DEBUG: key_placer.py:887: Placing additional elements for SW41
DEBUG: board_modifier.py:107: Getting SW41 footprint position: (276225000, 76200000)
DEBUG: board_modifier.py:84: Searching for optional S41 footprint in C:\Users\Anay\Documents\Chaney_Board\Chaney_Board.kicad_pcb
DEBUG: board_modifier.py:89: Footprint not found
DEBUG: key_placer.py:887: Placing additional elements for SW77
DEBUG: board_modifier.py:107: Getting SW77 footprint position: (247650000, 133350000)
DEBUG: board_modifier.py:84: Searching for optional S77 footprint in C:\Users\Anay\Documents\Chaney_Board\Chaney_Board.kicad_pcb
DEBUG: board_modifier.py:89: Footprint not found
DEBUG: key_placer.py:887: Placing additional elements for SW5
DEBUG: board_modifier.py:107: Getting SW5 footprint position: (133350000, 38100000)
DEBUG: board_modifier.py:84: Searching for optional S5 footprint in C:\Users\Anay\Documents\Chaney_Board\Chaney_Board.kicad_pcb
DEBUG: board_modifier.py:89: Footprint not found
DEBUG: key_placer.py:887: Placing additional elements for SW20
DEBUG: board_modifier.py:107: Getting SW20 footprint position: (152400000, 57150000)
DEBUG: board_modifier.py:84: Searching for optional S20 footprint in C:\Users\Anay\Documents\Chaney_Board\Chaney_Board.kicad_pcb
DEBUG: board_modifier.py:89: Footprint not found
DEBUG: key_placer.py:887: Placing additional elements for SW56
DEBUG: board_modifier.py:107: Getting SW56 footprint position: (292893750, 95250000)
DEBUG: board_modifier.py:84: Searching for optional S56 footprint in C:\Users\Anay\Documents\Chaney_Board\Chaney_Board.kicad_pcb
DEBUG: board_modifier.py:89: Footprint not found
DEBUG: key_placer.py:887: Placing additional elements for SW12
DEBUG: board_modifier.py:107: Getting SW12 footprint position: (285750000, 38100000)
DEBUG: board_modifier.py:84: Searching for optional S12 footprint in C:\Users\Anay\Documents\Chaney_Board\Chaney_Board.kicad_pcb
DEBUG: board_modifier.py:89: Footprint not found
DEBUG: key_placer.py:887: Placing additional elements for SW9
DEBUG: board_modifier.py:107: Getting SW9 footprint position: (219075000, 38100000)
DEBUG: board_modifier.py:84: Searching for optional S9 footprint in C:\Users\Anay\Documents\Chaney_Board\Chaney_Board.kicad_pcb
DEBUG: board_modifier.py:89: Footprint not found
DEBUG: key_placer.py:887: Placing additional elements for SW22
DEBUG: board_modifier.py:107: Getting SW22 footprint position: (190500000, 57150000)
DEBUG: board_modifier.py:84: Searching for optional S22 footprint in C:\Users\Anay\Documents\Chaney_Board\Chaney_Board.kicad_pcb
DEBUG: board_modifier.py:89: Footprint not found
DEBUG: key_placer.py:887: Placing additional elements for SW42
DEBUG: board_modifier.py:107: Getting SW42 footprint position: (300037500, 76200000)
DEBUG: board_modifier.py:84: Searching for optional S42 footprint in C:\Users\Anay\Documents\Chaney_Board\Chaney_Board.kicad_pcb
DEBUG: board_modifier.py:89: Footprint not found
DEBUG: key_placer.py:887: Placing additional elements for SW49
DEBUG: board_modifier.py:107: Getting SW49 footprint position: (147637500, 95250000)
DEBUG: board_modifier.py:84: Searching for optional S49 footprint in C:\Users\Anay\Documents\Chaney_Board\Chaney_Board.kicad_pcb
DEBUG: board_modifier.py:89: Footprint not found
DEBUG: key_placer.py:887: Placing additional elements for SW10
DEBUG: board_modifier.py:107: Getting SW10 footprint position: (247650000, 38100000)
DEBUG: board_modifier.py:84: Searching for optional S10 footprint in C:\Users\Anay\Documents\Chaney_Board\Chaney_Board.kicad_pcb
DEBUG: board_modifier.py:89: Footprint not found
DEBUG: key_placer.py:887: Placing additional elements for SW17
DEBUG: board_modifier.py:107: Getting SW17 footprint position: (95250000, 57150000)
DEBUG: board_modifier.py:84: Searching for optional S17 footprint in C:\Users\Anay\Documents\Chaney_Board\Chaney_Board.kicad_pcb
DEBUG: board_modifier.py:89: Footprint not found
DEBUG: key_placer.py:887: Placing additional elements for SW39
DEBUG: board_modifier.py:107: Getting SW39 footprint position: (238125000, 76200000)
DEBUG: board_modifier.py:84: Searching for optional S39 footprint in C:\Users\Anay\Documents\Chaney_Board\Chaney_Board.kicad_pcb
DEBUG: board_modifier.py:89: Footprint not found
DEBUG: key_placer.py:887: Placing additional elements for SW38
DEBUG: board_modifier.py:107: Getting SW38 footprint position: (219075000, 76200000)
DEBUG: board_modifier.py:84: Searching for optional S38 footprint in C:\Users\Anay\Documents\Chaney_Board\Chaney_Board.kicad_pcb
DEBUG: board_modifier.py:89: Footprint not found
DEBUG: key_placer.py:887: Placing additional elements for SW70
DEBUG: board_modifier.py:107: Getting SW70 footprint position: (304800000, 114300000)
DEBUG: board_modifier.py:84: Searching for optional S70 footprint in C:\Users\Anay\Documents\Chaney_Board\Chaney_Board.kicad_pcb
DEBUG: board_modifier.py:89: Footprint not found
DEBUG: key_placer.py:887: Placing additional elements for SW3
DEBUG: board_modifier.py:107: Getting SW3 footprint position: (95250000, 38100000)
DEBUG: board_modifier.py:84: Searching for optional S3 footprint in C:\Users\Anay\Documents\Chaney_Board\Chaney_Board.kicad_pcb
DEBUG: board_modifier.py:89: Footprint not found
INFO: key_placer.py:514: Removing dangling tracks
